INFO - 2024-05-15 12:27:23 --> Session: Class initialized using 'CodeIgniter\Session\Handlers\FileHandler' driver.
INFO - 2024-05-15 12:27:36 --> Session: Class initialized using 'CodeIgniter\Session\Handlers\FileHandler' driver.
INFO - 2024-05-15 12:30:06 --> Session: Class initialized using 'CodeIgniter\Session\Handlers\FileHandler' driver.
INFO - 2024-05-15 12:30:56 --> Session: Class initialized using 'CodeIgniter\Session\Handlers\FileHandler' driver.
INFO - 2024-05-15 12:30:58 --> Session: Class initialized using 'CodeIgniter\Session\Handlers\FileHandler' driver.
INFO - 2024-05-15 12:30:58 --> Session: Class initialized using 'CodeIgniter\Session\Handlers\FileHandler' driver.
INFO - 2024-05-15 12:31:14 --> Session: Class initialized using 'CodeIgniter\Session\Handlers\FileHandler' driver.
INFO - 2024-05-15 12:31:14 --> Session: Class initialized using 'CodeIgniter\Session\Handlers\FileHandler' driver.
INFO - 2024-05-15 12:32:21 --> Session: Class initialized using 'CodeIgniter\Session\Handlers\FileHandler' driver.
INFO - 2024-05-15 12:35:46 --> Session: Class initialized using 'CodeIgniter\Session\Handlers\FileHandler' driver.
INFO - 2024-05-15 12:36:17 --> Session: Class initialized using 'CodeIgniter\Session\Handlers\FileHandler' driver.
INFO - 2024-05-15 12:36:49 --> Session: Class initialized using 'CodeIgniter\Session\Handlers\FileHandler' driver.
INFO - 2024-05-15 12:37:31 --> Session: Class initialized using 'CodeIgniter\Session\Handlers\FileHandler' driver.
INFO - 2024-05-15 12:37:31 --> Session: Class initialized using 'CodeIgniter\Session\Handlers\FileHandler' driver.
INFO - 2024-05-15 12:39:23 --> Session: Class initialized using 'CodeIgniter\Session\Handlers\FileHandler' driver.
ERROR - 2024-05-15 12:51:49 --> Error connecting to the database: mysqli_sql_exception: No connection could be made because the target machine actively refused it in D:\TUGAS KULIAH\APSI\ELECTROBOY\system\Database\MySQLi\Connection.php:186
Stack trace:
#0 D:\TUGAS KULIAH\APSI\ELECTROBOY\system\Database\MySQLi\Connection.php(186): mysqli->real_connect('localhost', '', Object(SensitiveParameterValue), '', 3306, '', 0)
#1 D:\TUGAS KULIAH\APSI\ELECTROBOY\system\Database\BaseConnection.php(421): CodeIgniter\Database\MySQLi\Connection->connect(false)
#2 D:\TUGAS KULIAH\APSI\ELECTROBOY\system\Database\BaseConnection.php(604): CodeIgniter\Database\BaseConnection->initialize()
#3 D:\TUGAS KULIAH\APSI\ELECTROBOY\system\Database\BaseConnection.php(1471): CodeIgniter\Database\BaseConnection->query('SHOW TABLES FRO...')
#4 D:\TUGAS KULIAH\APSI\ELECTROBOY\system\Database\BaseConnection.php(1490): CodeIgniter\Database\BaseConnection->listTables()
#5 D:\TUGAS KULIAH\APSI\ELECTROBOY\system\Database\MigrationRunner.php(759): CodeIgniter\Database\BaseConnection->tableExists('migrations')
#6 D:\TUGAS KULIAH\APSI\ELECTROBOY\system\Database\MigrationRunner.php(163): CodeIgniter\Database\MigrationRunner->ensureTable()
#7 D:\TUGAS KULIAH\APSI\ELECTROBOY\system\Commands\Database\Migrate.php(85): CodeIgniter\Database\MigrationRunner->latest(NULL)
#8 D:\TUGAS KULIAH\APSI\ELECTROBOY\system\CLI\Commands.php(70): CodeIgniter\Commands\Database\Migrate->run(Array)
#9 D:\TUGAS KULIAH\APSI\ELECTROBOY\system\CLI\Console.php(48): CodeIgniter\CLI\Commands->run('migrate', Array)
#10 D:\TUGAS KULIAH\APSI\ELECTROBOY\system\Boot.php(338): CodeIgniter\CLI\Console->run()
#11 D:\TUGAS KULIAH\APSI\ELECTROBOY\system\Boot.php(104): CodeIgniter\Boot::runCommand(Object(CodeIgniter\CLI\Console))
#12 D:\TUGAS KULIAH\APSI\ELECTROBOY\spark(84): CodeIgniter\Boot::bootSpark(Object(Config\Paths))
#13 {main}

Next CodeIgniter\Database\Exceptions\DatabaseException: No connection could be made because the target machine actively refused it in D:\TUGAS KULIAH\APSI\ELECTROBOY\system\Database\MySQLi\Connection.php:231
Stack trace:
#0 D:\TUGAS KULIAH\APSI\ELECTROBOY\system\Database\BaseConnection.php(421): CodeIgniter\Database\MySQLi\Connection->connect(false)
#1 D:\TUGAS KULIAH\APSI\ELECTROBOY\system\Database\BaseConnection.php(604): CodeIgniter\Database\BaseConnection->initialize()
#2 D:\TUGAS KULIAH\APSI\ELECTROBOY\system\Database\BaseConnection.php(1471): CodeIgniter\Database\BaseConnection->query('SHOW TABLES FRO...')
#3 D:\TUGAS KULIAH\APSI\ELECTROBOY\system\Database\BaseConnection.php(1490): CodeIgniter\Database\BaseConnection->listTables()
#4 D:\TUGAS KULIAH\APSI\ELECTROBOY\system\Database\MigrationRunner.php(759): CodeIgniter\Database\BaseConnection->tableExists('migrations')
#5 D:\TUGAS KULIAH\APSI\ELECTROBOY\system\Database\MigrationRunner.php(163): CodeIgniter\Database\MigrationRunner->ensureTable()
#6 D:\TUGAS KULIAH\APSI\ELECTROBOY\system\Commands\Database\Migrate.php(85): CodeIgniter\Database\MigrationRunner->latest(NULL)
#7 D:\TUGAS KULIAH\APSI\ELECTROBOY\system\CLI\Commands.php(70): CodeIgniter\Commands\Database\Migrate->run(Array)
#8 D:\TUGAS KULIAH\APSI\ELECTROBOY\system\CLI\Console.php(48): CodeIgniter\CLI\Commands->run('migrate', Array)
#9 D:\TUGAS KULIAH\APSI\ELECTROBOY\system\Boot.php(338): CodeIgniter\CLI\Console->run()
#10 D:\TUGAS KULIAH\APSI\ELECTROBOY\system\Boot.php(104): CodeIgniter\Boot::runCommand(Object(CodeIgniter\CLI\Console))
#11 D:\TUGAS KULIAH\APSI\ELECTROBOY\spark(84): CodeIgniter\Boot::bootSpark(Object(Config\Paths))
#12 {main}
INFO - 2024-05-15 12:53:33 --> Session: Class initialized using 'CodeIgniter\Session\Handlers\FileHandler' driver.
ERROR - 2024-05-15 13:02:34 --> mysqli_sql_exception: Can't create table `db_electroboy`.`transaksi_kredit` (errno: 150 "Foreign key constraint is incorrectly formed") in D:\TUGAS KULIAH\APSI\ELECTROBOY\system\Database\MySQLi\Connection.php:308
Stack trace:
#0 D:\TUGAS KULIAH\APSI\ELECTROBOY\system\Database\MySQLi\Connection.php(308): mysqli->query('CREATE TABLE `t...', 0)
#1 D:\TUGAS KULIAH\APSI\ELECTROBOY\system\Database\BaseConnection.php(722): CodeIgniter\Database\MySQLi\Connection->execute('CREATE TABLE `t...')
#2 D:\TUGAS KULIAH\APSI\ELECTROBOY\system\Database\BaseConnection.php(636): CodeIgniter\Database\BaseConnection->simpleQuery('CREATE TABLE `t...')
#3 D:\TUGAS KULIAH\APSI\ELECTROBOY\system\Database\Forge.php(570): CodeIgniter\Database\BaseConnection->query('CREATE TABLE `t...')
#4 D:\TUGAS KULIAH\APSI\ELECTROBOY\app\Database\Migrations\2024-05-15-125129_CreateCreditSystemTables.php(191): CodeIgniter\Database\Forge->createTable('transaksi_kredi...')
#5 D:\TUGAS KULIAH\APSI\ELECTROBOY\system\Database\MigrationRunner.php(867): App\Database\Migrations\CreateCreditSystemTables->up()
#6 D:\TUGAS KULIAH\APSI\ELECTROBOY\system\Database\MigrationRunner.php(183): CodeIgniter\Database\MigrationRunner->migrate('up', Object(stdClass))
#7 D:\TUGAS KULIAH\APSI\ELECTROBOY\system\Commands\Database\Migrate.php(85): CodeIgniter\Database\MigrationRunner->latest(NULL)
#8 D:\TUGAS KULIAH\APSI\ELECTROBOY\system\CLI\Commands.php(70): CodeIgniter\Commands\Database\Migrate->run(Array)
#9 D:\TUGAS KULIAH\APSI\ELECTROBOY\system\CLI\Console.php(48): CodeIgniter\CLI\Commands->run('migrate', Array)
#10 D:\TUGAS KULIAH\APSI\ELECTROBOY\system\Boot.php(338): CodeIgniter\CLI\Console->run()
#11 D:\TUGAS KULIAH\APSI\ELECTROBOY\system\Boot.php(104): CodeIgniter\Boot::runCommand(Object(CodeIgniter\CLI\Console))
#12 D:\TUGAS KULIAH\APSI\ELECTROBOY\spark(84): CodeIgniter\Boot::bootSpark(Object(Config\Paths))
#13 {main}
ERROR - 2024-05-15 13:05:18 --> mysqli_sql_exception: Table 'uang_muka' already exists in D:\TUGAS KULIAH\APSI\ELECTROBOY\system\Database\MySQLi\Connection.php:308
Stack trace:
#0 D:\TUGAS KULIAH\APSI\ELECTROBOY\system\Database\MySQLi\Connection.php(308): mysqli->query('CREATE TABLE `u...', 0)
#1 D:\TUGAS KULIAH\APSI\ELECTROBOY\system\Database\BaseConnection.php(722): CodeIgniter\Database\MySQLi\Connection->execute('CREATE TABLE `u...')
#2 D:\TUGAS KULIAH\APSI\ELECTROBOY\system\Database\BaseConnection.php(636): CodeIgniter\Database\BaseConnection->simpleQuery('CREATE TABLE `u...')
#3 D:\TUGAS KULIAH\APSI\ELECTROBOY\system\Database\Forge.php(570): CodeIgniter\Database\BaseConnection->query('CREATE TABLE `u...')
#4 D:\TUGAS KULIAH\APSI\ELECTROBOY\app\Database\Migrations\2024-05-15-125129_CreateCreditSystemTables.php(34): CodeIgniter\Database\Forge->createTable('uang_muka')
#5 D:\TUGAS KULIAH\APSI\ELECTROBOY\system\Database\MigrationRunner.php(867): App\Database\Migrations\CreateCreditSystemTables->up()
#6 D:\TUGAS KULIAH\APSI\ELECTROBOY\system\Database\MigrationRunner.php(183): CodeIgniter\Database\MigrationRunner->migrate('up', Object(stdClass))
#7 D:\TUGAS KULIAH\APSI\ELECTROBOY\system\Commands\Database\Migrate.php(85): CodeIgniter\Database\MigrationRunner->latest(NULL)
#8 D:\TUGAS KULIAH\APSI\ELECTROBOY\system\CLI\Commands.php(70): CodeIgniter\Commands\Database\Migrate->run(Array)
#9 D:\TUGAS KULIAH\APSI\ELECTROBOY\system\CLI\Console.php(48): CodeIgniter\CLI\Commands->run('migrate', Array)
#10 D:\TUGAS KULIAH\APSI\ELECTROBOY\system\Boot.php(338): CodeIgniter\CLI\Console->run()
#11 D:\TUGAS KULIAH\APSI\ELECTROBOY\system\Boot.php(104): CodeIgniter\Boot::runCommand(Object(CodeIgniter\CLI\Console))
#12 D:\TUGAS KULIAH\APSI\ELECTROBOY\spark(84): CodeIgniter\Boot::bootSpark(Object(Config\Paths))
#13 {main}
ERROR - 2024-05-15 13:05:56 --> Error connecting to the database: mysqli_sql_exception: Unknown database 'db_electroboy' in D:\TUGAS KULIAH\APSI\ELECTROBOY\system\Database\MySQLi\Connection.php:186
Stack trace:
#0 D:\TUGAS KULIAH\APSI\ELECTROBOY\system\Database\MySQLi\Connection.php(186): mysqli->real_connect('localhost', 'root', Object(SensitiveParameterValue), 'db_electroboy', 3306, '', 0)
#1 D:\TUGAS KULIAH\APSI\ELECTROBOY\system\Database\BaseConnection.php(421): CodeIgniter\Database\MySQLi\Connection->connect(false)
#2 D:\TUGAS KULIAH\APSI\ELECTROBOY\system\Database\BaseConnection.php(604): CodeIgniter\Database\BaseConnection->initialize()
#3 D:\TUGAS KULIAH\APSI\ELECTROBOY\system\Database\BaseConnection.php(1471): CodeIgniter\Database\BaseConnection->query('SHOW TABLES FRO...')
#4 D:\TUGAS KULIAH\APSI\ELECTROBOY\system\Database\BaseConnection.php(1490): CodeIgniter\Database\BaseConnection->listTables()
#5 D:\TUGAS KULIAH\APSI\ELECTROBOY\system\Database\MigrationRunner.php(759): CodeIgniter\Database\BaseConnection->tableExists('migrations')
#6 D:\TUGAS KULIAH\APSI\ELECTROBOY\system\Database\MigrationRunner.php(163): CodeIgniter\Database\MigrationRunner->ensureTable()
#7 D:\TUGAS KULIAH\APSI\ELECTROBOY\system\Commands\Database\Migrate.php(85): CodeIgniter\Database\MigrationRunner->latest(NULL)
#8 D:\TUGAS KULIAH\APSI\ELECTROBOY\system\CLI\Commands.php(70): CodeIgniter\Commands\Database\Migrate->run(Array)
#9 D:\TUGAS KULIAH\APSI\ELECTROBOY\system\CLI\Console.php(48): CodeIgniter\CLI\Commands->run('migrate', Array)
#10 D:\TUGAS KULIAH\APSI\ELECTROBOY\system\Boot.php(338): CodeIgniter\CLI\Console->run()
#11 D:\TUGAS KULIAH\APSI\ELECTROBOY\system\Boot.php(104): CodeIgniter\Boot::runCommand(Object(CodeIgniter\CLI\Console))
#12 D:\TUGAS KULIAH\APSI\ELECTROBOY\spark(84): CodeIgniter\Boot::bootSpark(Object(Config\Paths))
#13 {main}

Next CodeIgniter\Database\Exceptions\DatabaseException: Unknown database 'db_electroboy' in D:\TUGAS KULIAH\APSI\ELECTROBOY\system\Database\MySQLi\Connection.php:231
Stack trace:
#0 D:\TUGAS KULIAH\APSI\ELECTROBOY\system\Database\BaseConnection.php(421): CodeIgniter\Database\MySQLi\Connection->connect(false)
#1 D:\TUGAS KULIAH\APSI\ELECTROBOY\system\Database\BaseConnection.php(604): CodeIgniter\Database\BaseConnection->initialize()
#2 D:\TUGAS KULIAH\APSI\ELECTROBOY\system\Database\BaseConnection.php(1471): CodeIgniter\Database\BaseConnection->query('SHOW TABLES FRO...')
#3 D:\TUGAS KULIAH\APSI\ELECTROBOY\system\Database\BaseConnection.php(1490): CodeIgniter\Database\BaseConnection->listTables()
#4 D:\TUGAS KULIAH\APSI\ELECTROBOY\system\Database\MigrationRunner.php(759): CodeIgniter\Database\BaseConnection->tableExists('migrations')
#5 D:\TUGAS KULIAH\APSI\ELECTROBOY\system\Database\MigrationRunner.php(163): CodeIgniter\Database\MigrationRunner->ensureTable()
#6 D:\TUGAS KULIAH\APSI\ELECTROBOY\system\Commands\Database\Migrate.php(85): CodeIgniter\Database\MigrationRunner->latest(NULL)
#7 D:\TUGAS KULIAH\APSI\ELECTROBOY\system\CLI\Commands.php(70): CodeIgniter\Commands\Database\Migrate->run(Array)
#8 D:\TUGAS KULIAH\APSI\ELECTROBOY\system\CLI\Console.php(48): CodeIgniter\CLI\Commands->run('migrate', Array)
#9 D:\TUGAS KULIAH\APSI\ELECTROBOY\system\Boot.php(338): CodeIgniter\CLI\Console->run()
#10 D:\TUGAS KULIAH\APSI\ELECTROBOY\system\Boot.php(104): CodeIgniter\Boot::runCommand(Object(CodeIgniter\CLI\Console))
#11 D:\TUGAS KULIAH\APSI\ELECTROBOY\spark(84): CodeIgniter\Boot::bootSpark(Object(Config\Paths))
#12 {main}
ERROR - 2024-05-15 13:06:35 --> mysqli_sql_exception: Can't create table `db_electroboy`.`transaksi_kredit` (errno: 150 "Foreign key constraint is incorrectly formed") in D:\TUGAS KULIAH\APSI\ELECTROBOY\system\Database\MySQLi\Connection.php:308
Stack trace:
#0 D:\TUGAS KULIAH\APSI\ELECTROBOY\system\Database\MySQLi\Connection.php(308): mysqli->query('CREATE TABLE `t...', 0)
#1 D:\TUGAS KULIAH\APSI\ELECTROBOY\system\Database\BaseConnection.php(722): CodeIgniter\Database\MySQLi\Connection->execute('CREATE TABLE `t...')
#2 D:\TUGAS KULIAH\APSI\ELECTROBOY\system\Database\BaseConnection.php(636): CodeIgniter\Database\BaseConnection->simpleQuery('CREATE TABLE `t...')
#3 D:\TUGAS KULIAH\APSI\ELECTROBOY\system\Database\Forge.php(570): CodeIgniter\Database\BaseConnection->query('CREATE TABLE `t...')
#4 D:\TUGAS KULIAH\APSI\ELECTROBOY\app\Database\Migrations\2024-05-15-125129_CreateCreditSystemTables.php(185): CodeIgniter\Database\Forge->createTable('transaksi_kredi...')
#5 D:\TUGAS KULIAH\APSI\ELECTROBOY\system\Database\MigrationRunner.php(867): App\Database\Migrations\CreateCreditSystemTables->up()
#6 D:\TUGAS KULIAH\APSI\ELECTROBOY\system\Database\MigrationRunner.php(183): CodeIgniter\Database\MigrationRunner->migrate('up', Object(stdClass))
#7 D:\TUGAS KULIAH\APSI\ELECTROBOY\system\Commands\Database\Migrate.php(85): CodeIgniter\Database\MigrationRunner->latest(NULL)
#8 D:\TUGAS KULIAH\APSI\ELECTROBOY\system\CLI\Commands.php(70): CodeIgniter\Commands\Database\Migrate->run(Array)
#9 D:\TUGAS KULIAH\APSI\ELECTROBOY\system\CLI\Console.php(48): CodeIgniter\CLI\Commands->run('migrate', Array)
#10 D:\TUGAS KULIAH\APSI\ELECTROBOY\system\Boot.php(338): CodeIgniter\CLI\Console->run()
#11 D:\TUGAS KULIAH\APSI\ELECTROBOY\system\Boot.php(104): CodeIgniter\Boot::runCommand(Object(CodeIgniter\CLI\Console))
#12 D:\TUGAS KULIAH\APSI\ELECTROBOY\spark(84): CodeIgniter\Boot::bootSpark(Object(Config\Paths))
#13 {main}
ERROR - 2024-05-15 13:09:04 --> mysqli_sql_exception: Can't create table `db_electroboy`.`transaksi_kredit` (errno: 150 "Foreign key constraint is incorrectly formed") in D:\TUGAS KULIAH\APSI\ELECTROBOY\system\Database\MySQLi\Connection.php:308
Stack trace:
#0 D:\TUGAS KULIAH\APSI\ELECTROBOY\system\Database\MySQLi\Connection.php(308): mysqli->query('CREATE TABLE `t...', 0)
#1 D:\TUGAS KULIAH\APSI\ELECTROBOY\system\Database\BaseConnection.php(722): CodeIgniter\Database\MySQLi\Connection->execute('CREATE TABLE `t...')
#2 D:\TUGAS KULIAH\APSI\ELECTROBOY\system\Database\BaseConnection.php(636): CodeIgniter\Database\BaseConnection->simpleQuery('CREATE TABLE `t...')
#3 D:\TUGAS KULIAH\APSI\ELECTROBOY\system\Database\Forge.php(570): CodeIgniter\Database\BaseConnection->query('CREATE TABLE `t...')
#4 D:\TUGAS KULIAH\APSI\ELECTROBOY\app\Database\Migrations\2024-05-15-125129_CreateCreditSystemTables.php(185): CodeIgniter\Database\Forge->createTable('transaksi_kredi...')
#5 D:\TUGAS KULIAH\APSI\ELECTROBOY\system\Database\MigrationRunner.php(867): App\Database\Migrations\CreateCreditSystemTables->up()
#6 D:\TUGAS KULIAH\APSI\ELECTROBOY\system\Database\MigrationRunner.php(183): CodeIgniter\Database\MigrationRunner->migrate('up', Object(stdClass))
#7 D:\TUGAS KULIAH\APSI\ELECTROBOY\system\Commands\Database\Migrate.php(85): CodeIgniter\Database\MigrationRunner->latest(NULL)
#8 D:\TUGAS KULIAH\APSI\ELECTROBOY\system\CLI\Commands.php(70): CodeIgniter\Commands\Database\Migrate->run(Array)
#9 D:\TUGAS KULIAH\APSI\ELECTROBOY\system\CLI\Console.php(48): CodeIgniter\CLI\Commands->run('migrate', Array)
#10 D:\TUGAS KULIAH\APSI\ELECTROBOY\system\Boot.php(338): CodeIgniter\CLI\Console->run()
#11 D:\TUGAS KULIAH\APSI\ELECTROBOY\system\Boot.php(104): CodeIgniter\Boot::runCommand(Object(CodeIgniter\CLI\Console))
#12 D:\TUGAS KULIAH\APSI\ELECTROBOY\spark(84): CodeIgniter\Boot::bootSpark(Object(Config\Paths))
#13 {main}
ERROR - 2024-05-15 13:12:18 --> mysqli_sql_exception: Can't create table `db_electroboy`.`transaksi_kredit` (errno: 150 "Foreign key constraint is incorrectly formed") in D:\TUGAS KULIAH\APSI\ELECTROBOY\system\Database\MySQLi\Connection.php:308
Stack trace:
#0 D:\TUGAS KULIAH\APSI\ELECTROBOY\system\Database\MySQLi\Connection.php(308): mysqli->query('CREATE TABLE `t...', 0)
#1 D:\TUGAS KULIAH\APSI\ELECTROBOY\system\Database\BaseConnection.php(722): CodeIgniter\Database\MySQLi\Connection->execute('CREATE TABLE `t...')
#2 D:\TUGAS KULIAH\APSI\ELECTROBOY\system\Database\BaseConnection.php(636): CodeIgniter\Database\BaseConnection->simpleQuery('CREATE TABLE `t...')
#3 D:\TUGAS KULIAH\APSI\ELECTROBOY\system\Database\Forge.php(570): CodeIgniter\Database\BaseConnection->query('CREATE TABLE `t...')
#4 D:\TUGAS KULIAH\APSI\ELECTROBOY\app\Database\Migrations\2024-05-15-125129_CreateCreditSystemTables.php(185): CodeIgniter\Database\Forge->createTable('transaksi_kredi...')
#5 D:\TUGAS KULIAH\APSI\ELECTROBOY\system\Database\MigrationRunner.php(867): App\Database\Migrations\CreateCreditSystemTables->up()
#6 D:\TUGAS KULIAH\APSI\ELECTROBOY\system\Database\MigrationRunner.php(183): CodeIgniter\Database\MigrationRunner->migrate('up', Object(stdClass))
#7 D:\TUGAS KULIAH\APSI\ELECTROBOY\system\Commands\Database\Migrate.php(85): CodeIgniter\Database\MigrationRunner->latest(NULL)
#8 D:\TUGAS KULIAH\APSI\ELECTROBOY\system\CLI\Commands.php(70): CodeIgniter\Commands\Database\Migrate->run(Array)
#9 D:\TUGAS KULIAH\APSI\ELECTROBOY\system\CLI\Console.php(48): CodeIgniter\CLI\Commands->run('migrate', Array)
#10 D:\TUGAS KULIAH\APSI\ELECTROBOY\system\Boot.php(338): CodeIgniter\CLI\Console->run()
#11 D:\TUGAS KULIAH\APSI\ELECTROBOY\system\Boot.php(104): CodeIgniter\Boot::runCommand(Object(CodeIgniter\CLI\Console))
#12 D:\TUGAS KULIAH\APSI\ELECTROBOY\spark(84): CodeIgniter\Boot::bootSpark(Object(Config\Paths))
#13 {main}
ERROR - 2024-05-15 13:15:27 --> mysqli_sql_exception: Can't create table `db_electroboy`.`transaksi_kredit` (errno: 150 "Foreign key constraint is incorrectly formed") in D:\TUGAS KULIAH\APSI\ELECTROBOY\system\Database\MySQLi\Connection.php:308
Stack trace:
#0 D:\TUGAS KULIAH\APSI\ELECTROBOY\system\Database\MySQLi\Connection.php(308): mysqli->query('CREATE TABLE `t...', 0)
#1 D:\TUGAS KULIAH\APSI\ELECTROBOY\system\Database\BaseConnection.php(722): CodeIgniter\Database\MySQLi\Connection->execute('CREATE TABLE `t...')
#2 D:\TUGAS KULIAH\APSI\ELECTROBOY\system\Database\BaseConnection.php(636): CodeIgniter\Database\BaseConnection->simpleQuery('CREATE TABLE `t...')
#3 D:\TUGAS KULIAH\APSI\ELECTROBOY\system\Database\Forge.php(570): CodeIgniter\Database\BaseConnection->query('CREATE TABLE `t...')
#4 D:\TUGAS KULIAH\APSI\ELECTROBOY\app\Database\Migrations\2024-05-15-125129_CreateCreditSystemTables.php(187): CodeIgniter\Database\Forge->createTable('transaksi_kredi...')
#5 D:\TUGAS KULIAH\APSI\ELECTROBOY\system\Database\MigrationRunner.php(867): App\Database\Migrations\CreateCreditSystemTables->up()
#6 D:\TUGAS KULIAH\APSI\ELECTROBOY\system\Database\MigrationRunner.php(183): CodeIgniter\Database\MigrationRunner->migrate('up', Object(stdClass))
#7 D:\TUGAS KULIAH\APSI\ELECTROBOY\system\Commands\Database\Migrate.php(85): CodeIgniter\Database\MigrationRunner->latest(NULL)
#8 D:\TUGAS KULIAH\APSI\ELECTROBOY\system\CLI\Commands.php(70): CodeIgniter\Commands\Database\Migrate->run(Array)
#9 D:\TUGAS KULIAH\APSI\ELECTROBOY\system\CLI\Console.php(48): CodeIgniter\CLI\Commands->run('migrate', Array)
#10 D:\TUGAS KULIAH\APSI\ELECTROBOY\system\Boot.php(338): CodeIgniter\CLI\Console->run()
#11 D:\TUGAS KULIAH\APSI\ELECTROBOY\system\Boot.php(104): CodeIgniter\Boot::runCommand(Object(CodeIgniter\CLI\Console))
#12 D:\TUGAS KULIAH\APSI\ELECTROBOY\spark(84): CodeIgniter\Boot::bootSpark(Object(Config\Paths))
#13 {main}
INFO - 2024-05-15 14:03:33 --> Session: Class initialized using 'CodeIgniter\Session\Handlers\FileHandler' driver.
INFO - 2024-05-15 14:03:38 --> Session: Class initialized using 'CodeIgniter\Session\Handlers\FileHandler' driver.
INFO - 2024-05-15 14:03:38 --> Session: Class initialized using 'CodeIgniter\Session\Handlers\FileHandler' driver.
INFO - 2024-05-15 14:14:46 --> Session: Class initialized using 'CodeIgniter\Session\Handlers\FileHandler' driver.
INFO - 2024-05-15 14:15:22 --> Session: Class initialized using 'CodeIgniter\Session\Handlers\FileHandler' driver.
INFO - 2024-05-15 14:15:29 --> Session: Class initialized using 'CodeIgniter\Session\Handlers\FileHandler' driver.
INFO - 2024-05-15 14:15:47 --> Session: Class initialized using 'CodeIgniter\Session\Handlers\FileHandler' driver.
INFO - 2024-05-15 14:15:49 --> Session: Class initialized using 'CodeIgniter\Session\Handlers\FileHandler' driver.
INFO - 2024-05-15 14:15:49 --> Session: Class initialized using 'CodeIgniter\Session\Handlers\FileHandler' driver.
